#
# An unexpected error has been detected by Java Runtime Environment:
#
#  Internal Error (classFileParser.cpp:2923), pid=10320, tid=12132
#  Error: ShouldNotReachHere()
#
# Java VM: Java HotSpot(TM) Client VM (11.0-b15 mixed mode windows-x86)
# If you would like to submit a bug report, please visit:
#   http://java.sun.com/webapps/bugreport/crash.jsp
#

---------------  T H R E A D  ---------------

Current thread (0x01969000):  JavaThread "Unknown thread" [_thread_in_vm, id=12132, stack(0x003b0000,0x00400000)]

Stack: [0x003b0000,0x00400000]

[error occurred during error reporting (printing native stack), id 0xc0000005]


---------------  P R O C E S S  ---------------

Java Threads: ( => current thread )

Other Threads:

=>0x01969000 (exited) JavaThread "Unknown thread" [_thread_in_vm, id=12132, stack(0x003b0000,0x00400000)]

VM state:not at safepoint (not fully initialized)

VM Mutex/Monitor currently owned by a thread: None

Dynamic libraries:
0x00400000 - 0x00424000 	D:\Program Files\Java\jdk1.6.0_10\bin\javaw.exe
0x772b0000 - 0x773ec000 	C:\Windows\SYSTEM32\ntdll.dll
0x75e70000 - 0x75f44000 	C:\Windows\system32\kernel32.dll
0x756b0000 - 0x756fa000 	C:\Windows\system32\KERNELBASE.dll
0x76f60000 - 0x77000000 	C:\Windows\system32\ADVAPI32.dll
0x77200000 - 0x772ac000 	C:\Windows\system32\msvcrt.dll
0x76de0000 - 0x76df9000 	C:\Windows\SYSTEM32\sechost.dll
0x760e0000 - 0x76181000 	C:\Windows\system32\RPCRT4.dll
0x75990000 - 0x75a59000 	C:\Windows\system32\USER32.dll
0x75e20000 - 0x75e6e000 	C:\Windows\system32\GDI32.dll
0x75700000 - 0x7570a000 	C:\Windows\system32\LPK.dll
0x75b30000 - 0x75bcd000 	C:\Windows\system32\USP10.dll
0x77000000 - 0x7701f000 	C:\Windows\system32\IMM32.DLL
0x75a60000 - 0x75b2c000 	C:\Windows\system32\MSCTF.dll
0x7c340000 - 0x7c396000 	D:\Program Files\Java\jdk1.6.0_10\jre\bin\msvcr71.dll
0x6d8b0000 - 0x6db06000 	D:\Program Files\Java\jdk1.6.0_10\jre\bin\client\jvm.dll
0x73010000 - 0x73042000 	C:\Windows\system32\WINMM.dll
0x75330000 - 0x7537c000 	C:\Windows\system32\apphelp.dll
0x6d330000 - 0x6d338000 	D:\Program Files\Java\jdk1.6.0_10\jre\bin\hpi.dll
0x758e0000 - 0x758e5000 	C:\Windows\system32\PSAPI.DLL
0x6d860000 - 0x6d86c000 	D:\Program Files\Java\jdk1.6.0_10\jre\bin\verify.dll
0x6d3d0000 - 0x6d3ef000 	D:\Program Files\Java\jdk1.6.0_10\jre\bin\java.dll
0x6d8a0000 - 0x6d8af000 	D:\Program Files\Java\jdk1.6.0_10\jre\bin\zip.dll

VM Arguments:
jvm_args: -Dfile.encoding=UTF-8 -Xbootclasspath:D:\sid\Android\android-sdk\platforms\android-16\android.jar 
java_command: sid.utils.Lauar
Launcher Type: SUN_STANDARD

Environment Variables:
CLASSPATH=.;C:\Program Files\Java\jdk1.7.0\lib\dt.jar;C:\Program Files\Java\jdk1.7.0\lib\tools.jar;
PATH=C:\Program Files\AMD APP\bin\x86;C:\Windows\system32;C:\Windows;C:\Windows\System32\Wbem;C:\Windows\System32\WindowsPowerShell\v1.0\;C:\Program Files\Intel\Services\IPT\;C:\Program Files\ATI Technologies\ATI.ACE\Core-Static;C:\Program Files\Intel\WiFi\bin\;C:\Program Files\Common Files\Intel\WirelessCommon\;C:\Program Files\ThinkPad\Bluetooth Software\;C:\Program Files\Broadcom\WHL\;C:\Program Files\Lenovo\Access Connections\;.;C:\Program Files\Java\jdk1.7.0\bin;D:\sid\Android\android-sdk\tools;D:\sid\Android\android-sdk\platform-tools;C:\Program Files\Intel\WiFi\bin\;C:\Program Files\Common Files\Intel\WirelessCommon\
USERNAME=Administrator
OS=Windows_NT
PROCESSOR_IDENTIFIER=x86 Family 6 Model 42 Stepping 7, GenuineIntel



---------------  S Y S T E M  ---------------

OS: Windows NT 6.1 Build 7601 Service Pack 1

CPU:total 4 (8 cores per cpu, 2 threads per core) family 6 model 10 stepping 7, cmov, cx8, fxsr, mmx, sse, sse2, sse3, ssse3, ht

Memory: 4k page, physical 2000112k(130088k free), swap 4000224k(813328k free)

vm_info: Java HotSpot(TM) Client VM (11.0-b15) for windows-x86 JRE (1.6.0_10-rc2-b32), built on Sep 12 2008 00:52:11 by "java_re" with MS VC++ 7.1

time: Fri Jan 11 23:24:55 2013
elapsed time: 0 seconds

