#
# An unexpected error has been detected by Java Runtime Environment:
#
#  Internal Error (classFileParser.cpp:2923), pid=1960, tid=5156
#  Error: ShouldNotReachHere()
#
# Java VM: Java HotSpot(TM) Client VM (11.0-b15 mixed mode windows-x86)
# If you would like to submit a bug report, please visit:
#   http://java.sun.com/webapps/bugreport/crash.jsp
#

---------------  T H R E A D  ---------------

Current thread (0x01299400):  JavaThread "Unknown thread" [_thread_in_vm, id=5156, stack(0x00330000,0x00380000)]

Stack: [0x00330000,0x00380000]
[error occurred during error reporting (printing stack bounds), id 0xc0000005]


---------------  P R O C E S S  ---------------

Java Threads: ( => current thread )

Other Threads:

=>0x01299400 (exited) JavaThread "Unknown thread" [_thread_in_vm, id=5156, stack(0x00330000,0x00380000)]

VM state:not at safepoint (not fully initialized)

VM Mutex/Monitor currently owned by a thread: None

Dynamic libraries:
0x00400000 - 0x00424000 	D:\Program Files\Java\jdk1.6.0_10\bin\javaw.exe
0x77270000 - 0x773ac000 	C:\Windows\SYSTEM32\ntdll.dll
0x75fe0000 - 0x760b4000 	C:\Windows\system32\kernel32.dll
0x75490000 - 0x754da000 	C:\Windows\system32\KERNELBASE.dll
0x75930000 - 0x759d0000 	C:\Windows\system32\ADVAPI32.dll
0x756c0000 - 0x7576c000 	C:\Windows\system32\msvcrt.dll
0x757c0000 - 0x757d9000 	C:\Windows\SYSTEM32\sechost.dll
0x75f30000 - 0x75fd1000 	C:\Windows\system32\RPCRT4.dll
0x75a70000 - 0x75b39000 	C:\Windows\system32\USER32.dll
0x75770000 - 0x757be000 	C:\Windows\system32\GDI32.dll
0x773e0000 - 0x773ea000 	C:\Windows\system32\LPK.dll
0x76250000 - 0x762ed000 	C:\Windows\system32\USP10.dll
0x773f0000 - 0x7740f000 	C:\Windows\system32\IMM32.DLL
0x762f0000 - 0x763bc000 	C:\Windows\system32\MSCTF.dll
0x7c340000 - 0x7c396000 	D:\Program Files\Java\jdk1.6.0_10\jre\bin\msvcr71.dll
0x6d8b0000 - 0x6db06000 	D:\Program Files\Java\jdk1.6.0_10\jre\bin\client\jvm.dll
0x73090000 - 0x730c2000 	C:\Windows\system32\WINMM.dll
0x752f0000 - 0x7533c000 	C:\Windows\system32\apphelp.dll
0x6d330000 - 0x6d338000 	D:\Program Files\Java\jdk1.6.0_10\jre\bin\hpi.dll
0x75a60000 - 0x75a65000 	C:\Windows\system32\PSAPI.DLL
0x6d860000 - 0x6d86c000 	D:\Program Files\Java\jdk1.6.0_10\jre\bin\verify.dll
0x6d3d0000 - 0x6d3ef000 	D:\Program Files\Java\jdk1.6.0_10\jre\bin\java.dll
0x6d8a0000 - 0x6d8af000 	D:\Program Files\Java\jdk1.6.0_10\jre\bin\zip.dll

VM Arguments:
jvm_args: -Dfile.encoding=UTF-8 -Xbootclasspath:D:\sid\Android\android-sdk\platforms\android-10\android.jar 
java_command: com.sid.http.HttpTest
Launcher Type: SUN_STANDARD

Environment Variables:
CLASSPATH=.;C:\Program Files\Java\jdk1.7.0\lib\dt.jar;C:\Program Files\Java\jdk1.7.0\lib\tools.jar;
PATH=C:\Program Files\AMD APP\bin\x86;C:\Windows\system32;C:\Windows;C:\Windows\System32\Wbem;C:\Windows\System32\WindowsPowerShell\v1.0\;C:\Program Files\Intel\Services\IPT\;C:\Program Files\ATI Technologies\ATI.ACE\Core-Static;C:\Program Files\Intel\WiFi\bin\;C:\Program Files\Common Files\Intel\WirelessCommon\;C:\Program Files\ThinkPad\Bluetooth Software\;C:\Program Files\Broadcom\WHL\;C:\Program Files\Lenovo\Access Connections\;.;C:\Program Files\Java\jdk1.7.0\bin;D:\sid\Android\android-sdk\tools;D:\sid\Android\android-sdk\platform-tools;C:\Program Files\Intel\WiFi\bin\;C:\Program Files\Common Files\Intel\WirelessCommon\
USERNAME=Administrator
OS=Windows_NT
PROCESSOR_IDENTIFIER=x86 Family 6 Model 42 Stepping 7, GenuineIntel



---------------  S Y S T E M  ---------------

OS: Windows NT 6.1 Build 7601 Service Pack 1

CPU:total 4 (8 cores per cpu, 2 threads per core) family 6 model 10 stepping 7, cmov, cx8, fxsr, mmx, sse, sse2, sse3, ssse3, ht

Memory: 4k page, physical 2000112k(282348k free), swap 4000224k(2148780k free)

vm_info: Java HotSpot(TM) Client VM (11.0-b15) for windows-x86 JRE (1.6.0_10-rc2-b32), built on Sep 12 2008 00:52:11 by "java_re" with MS VC++ 7.1

time: Tue Nov 13 20:19:23 2012
elapsed time: 0 seconds

